<?xml version="1.0" encoding="UTF-8"?>
<testng-results skipped="0" failed="0" ignored="0" total="1" passed="1">
  <reporter-output>
  </reporter-output>
  <suite name="Default suite" duration-ms="53" started-at="2019-09-05T21:17:22Z" finished-at="2019-09-05T21:17:22Z">
    <groups>
    </groups>
    <test name="Default test" duration-ms="53" started-at="2019-09-05T21:17:22Z" finished-at="2019-09-05T21:17:22Z">
      <class name="com.util.exampleTestNGAnnotations">
        <test-method status="PASS" signature="ac()[pri:0, instance:com.util.exampleTestNGAnnotations@4b9e13df]" name="ac" duration-ms="14" started-at="2019-09-05T21:17:22Z" finished-at="2019-09-05T21:17:22Z">
          <reporter-output>
          </reporter-output>
        </test-method> <!-- ac -->
      </class> <!-- com.util.exampleTestNGAnnotations -->
    </test> <!-- Default test -->
  </suite> <!-- Default suite -->
</testng-results>
